<?xml version="1.0" encoding="UTF-8"?>
<testsuite name="com.example.demo.DemoApplicationTests" tests="1" skipped="0" failures="0" errors="0" timestamp="2024-02-27T10:54:21" hostname="TaeHyeonKimui-MacBookAir.local" time="0.503">
  <properties/>
  <testcase name="contextLoads()" classname="com.example.demo.DemoApplicationTests" time="0.503"/>
  <system-out><![CDATA[19:54:20.495 [Test worker] INFO org.springframework.test.context.support.AnnotationConfigContextLoaderUtils -- Could not detect default configuration classes for test class [com.example.demo.DemoApplicationTests]: DemoApplicationTests does not declare any static, non-private, non-final, nested classes annotated with @Configuration.
19:54:20.575 [Test worker] INFO org.springframework.boot.test.context.SpringBootTestContextBootstrapper -- Found @SpringBootConfiguration com.example.demo.DemoApplication for test class com.example.demo.DemoApplicationTests

  .   ____          _            __ _ _
 /\\ / ___'_ __ _ _(_)_ __  __ _ \ \ \ \
( ( )\___ | '_ | '_| | '_ \/ _` | \ \ \ \
 \\/  ___)| |_)| | | | | || (_| |  ) ) ) )
  '  |____| .__|_| |_|_| |_\__, | / / / /
 =========|_|==============|___/=/_/_/_/
 :: Spring Boot ::                (v3.2.3)

2024-02-27T19:54:20.821+09:00  INFO 17857 --- [    Test worker] com.example.demo.DemoApplicationTests    : Starting DemoApplicationTests using Java 17.0.10 with PID 17857 (started by taehyeon in /Users/taehyeon/taebong/dev/study/github-actions-demo)
2024-02-27T19:54:20.823+09:00  INFO 17857 --- [    Test worker] com.example.demo.DemoApplicationTests    : No active profile set, falling back to 1 default profile: "default"
2024-02-27T19:54:21.489+09:00  INFO 17857 --- [    Test worker] com.example.demo.DemoApplicationTests    : Started DemoApplicationTests in 0.813 seconds (process running for 1.685)
]]></system-out>
  <system-err><![CDATA[]]></system-err>
</testsuite>
